<?xml version="1.0" encoding="UTF-8"?>
<testsuite name="Hyeok.firstproject.FirstProjectApplicationTests" tests="1" skipped="0" failures="0" errors="0" timestamp="2024-01-22T06:26:09" hostname="DESKTOP-SR0GDDQ" time="1.926">
  <properties/>
  <testcase name="contextLoads()" classname="Hyeok.firstproject.FirstProjectApplicationTests" time="1.926"/>
  <system-out><![CDATA[15:26:05.525 [Test worker] INFO org.springframework.test.context.support.AnnotationConfigContextLoaderUtils -- Could not detect default configuration classes for test class [Hyeok.firstproject.FirstProjectApplicationTests]: FirstProjectApplicationTests does not declare any static, non-private, non-final, nested classes annotated with @Configuration.
15:26:05.857 [Test worker] INFO org.springframework.boot.test.context.SpringBootTestContextBootstrapper -- Found @SpringBootConfiguration Hyeok.firstproject.FirstProjectApplication for test class Hyeok.firstproject.FirstProjectApplicationTests

  .   ____          _            __ _ _
 /\\ / ___'_ __ _ _(_)_ __  __ _ \ \ \ \
( ( )\___ | '_ | '_| | '_ \/ _` | \ \ \ \
 \\/  ___)| |_)| | | | | || (_| |  ) ) ) )
  '  |____| .__|_| |_|_| |_\__, | / / / /
 =========|_|==============|___/=/_/_/_/
 :: Spring Boot ::                (v3.2.2)

2024-01-22T15:26:06.826+09:00  INFO 12052 --- [    Test worker] H.f.FirstProjectApplicationTests         : Starting FirstProjectApplicationTests using Java 21.0.1 with PID 12052 (started by user in C:\Users\user\Desktop\firstProject\first-project)
2024-01-22T15:26:06.829+09:00  INFO 12052 --- [    Test worker] H.f.FirstProjectApplicationTests         : No active profile set, falling back to 1 default profile: "default"
2024-01-22T15:26:09.211+09:00  INFO 12052 --- [    Test worker] o.s.b.a.w.s.WelcomePageHandlerMapping    : Adding welcome page: class path resource [static/index.html]
2024-01-22T15:26:09.908+09:00  INFO 12052 --- [    Test worker] H.f.FirstProjectApplicationTests         : Started FirstProjectApplicationTests in 3.622 seconds (process running for 6.74)
]]></system-out>
  <system-err><![CDATA[WARNING: A Java agent has been loaded dynamically (C:\Users\user\.gradle\caches\modules-2\files-2.1\net.bytebuddy\byte-buddy-agent\1.14.11\f9cb566608fbac6bc7bf54901a7aa11543a989ee\byte-buddy-agent-1.14.11.jar)
WARNING: If a serviceability tool is in use, please run with -XX:+EnableDynamicAgentLoading to hide this warning
WARNING: If a serviceability tool is not in use, please run with -Djdk.instrument.traceUsage for more information
WARNING: Dynamic loading of agents will be disallowed by default in a future release
]]></system-err>
</testsuite>
